<?xml version="1.0" encoding="UTF-8"?>
<testng-results ignored="0" total="1" passed="1" failed="0" skipped="0">
  <reporter-output>
  </reporter-output>
  <suite started-at="2024-01-28T01:08:51 ICT" name="Default suite" finished-at="2024-01-28T01:09:23 ICT" duration-ms="31706">
    <groups>
    </groups>
    <test started-at="2024-01-28T01:08:51 ICT" name="Default test" finished-at="2024-01-28T01:09:23 ICT" duration-ms="31706">
      <class name="OrangeHRM.OrangeHRM">
        <test-method signature="Test()[pri:0, instance:OrangeHRM.OrangeHRM@38cee291]" started-at="2024-01-28T01:08:51 ICT" name="Test" finished-at="2024-01-28T01:09:23 ICT" duration-ms="31617" status="PASS">
          <reporter-output>
          </reporter-output>
        </test-method> <!-- Test -->
      </class> <!-- OrangeHRM.OrangeHRM -->
    </test> <!-- Default test -->
  </suite> <!-- Default suite -->
</testng-results>
